<?xml version="1.0" encoding="UTF-8"?>
<testng-results ignored="0" total="1" passed="1" failed="0" skipped="0">
  <reporter-output>
  </reporter-output>
  <suite started-at="2023-04-28T11:53:03 IST" name="Default suite" finished-at="2023-04-28T11:53:11 IST" duration-ms="8416">
    <groups>
    </groups>
    <test started-at="2023-04-28T11:53:03 IST" name="Default test" finished-at="2023-04-28T11:53:11 IST" duration-ms="8416">
      <class name="testscript.Login_script">
        <test-method is-config="true" signature="openapp()[pri:0, instance:testscript.Login_script@649bec2e]" started-at="2023-04-28T11:53:03 IST" name="openapp" finished-at="2023-04-28T11:53:08 IST" duration-ms="5389" status="PASS">
          <reporter-output>
          </reporter-output>
        </test-method> <!-- openapp -->
        <test-method signature="test1()[pri:0, instance:testscript.Login_script@649bec2e]" started-at="2023-04-28T11:53:08 IST" name="test1" finished-at="2023-04-28T11:53:11 IST" duration-ms="2462" status="PASS">
          <reporter-output>
          </reporter-output>
        </test-method> <!-- test1 -->
        <test-method is-config="true" signature="closeapp()[pri:0, instance:testscript.Login_script@649bec2e]" started-at="2023-04-28T11:53:11 IST" name="closeapp" finished-at="2023-04-28T11:53:11 IST" duration-ms="500" status="PASS">
          <reporter-output>
          </reporter-output>
        </test-method> <!-- closeapp -->
      </class> <!-- testscript.Login_script -->
    </test> <!-- Default test -->
  </suite> <!-- Default suite -->
</testng-results>
